<?xml version="1.0" encoding="UTF-8"?>
<testng-results skipped="0" failed="0" total="1" passed="1">
  <reporter-output>
  </reporter-output>
  <suite name="Default suite" duration-ms="35886" started-at="2020-04-21T17:53:17Z" finished-at="2020-04-21T17:53:53Z">
    <groups>
    </groups>
    <test name="Default test" duration-ms="35886" started-at="2020-04-21T17:53:17Z" finished-at="2020-04-21T17:53:53Z">
      <class name="com.cjc.testcases.AutoRegg">
        <test-method status="PASS" signature="verify()[pri:1, instance:com.cjc.testcases.AutoRegg@15b5592]" name="verify" duration-ms="35849" started-at="2020-04-21T23:23:17Z" finished-at="2020-04-21T23:23:53Z">
          <reporter-output>
          </reporter-output>
        </test-method> <!-- verify -->
      </class> <!-- com.cjc.testcases.AutoRegg -->
    </test> <!-- Default test -->
  </suite> <!-- Default suite -->
</testng-results>
